# JRE version: OpenJDK Runtime Environment Temurin-21.0.9+10 (21.0.9+10) (build 21.0.9+10-LTS)
# Java VM: OpenJDK 64-Bit Server VM Temurin-21.0.9+10 (21.0.9+10-LTS, mixed mode, sharing, tiered, compressed oops, compressed class ptrs, g1 gc, windows-amd64)
GC Precious Log:
 CardTable entry size: 512
 Card Set container configuration: InlinePtr #cards 5 size 8 Array Of Cards #cards 12 size 40 Howl #buckets 4 coarsen threshold 1843 Howl Bitmap #cards 512 size 80 coarsen threshold 460 Card regions per heap region 1 cards per card region 2048
 CPUs: 16 total, 16 available
 Memory: 7896M
 Large Page Support: Disabled
 NUMA Support: Disabled
 Compressed Oops: Enabled (32-bit)
 Heap Region Size: 1M
 Heap Min Capacity: 8M
 Heap Initial Capacity: 124M
 Heap Max Capacity: 1976M
 Pre-touch: Disabled
 Parallel Workers: 13
 Concurrent Workers: 3
 Concurrent Refinement Workers: 13
 Periodic GC: Disabled
Heap:
 garbage-first heap   total 73728K, used 38912K [0x0000000084800000, 0x0000000100000000)
  region size 1024K, 14 young (14336K), 5 survivors (5120K)
 Metaspace       used 70941K, committed 71680K, reserved 1114112K
  class space    used 9651K, committed 9984K, reserved 1048576K
GC Heap History (20 events):
Event: 1.155 GC heap before
{Heap before GC invocations=1 (full 0):
 garbage-first heap   total 126976K, used 37383K [0x0000000084800000, 0x0000000100000000)
  region size 1024K, 33 young (33792K), 3 survivors (3072K)
 Metaspace       used 13603K, committed 13952K, reserved 1114112K
  class space    used 1711K, committed 1856K, reserved 1048576K
}
Event: 1.162 GC heap after
{Heap after GC invocations=2 (full 0):
 garbage-first heap   total 126976K, used 10655K [0x0000000084800000, 0x0000000100000000)
  region size 1024K, 3 young (3072K), 3 survivors (3072K)
 Metaspace       used 13603K, committed 13952K, reserved 1114112K
  class space    used 1711K, committed 1856K, reserved 1048576K
}
Event: 1.804 GC heap before
{Heap before GC invocations=2 (full 0):
 garbage-first heap   total 126976K, used 50591K [0x0000000084800000, 0x0000000100000000)
  region size 1024K, 43 young (44032K), 3 survivors (3072K)
 Metaspace       used 21083K, committed 21504K, reserved 1114112K
  class space    used 2622K, committed 2816K, reserved 1048576K
}
Event: 1.809 GC heap after
{Heap after GC invocations=3 (full 0):
 garbage-first heap   total 126976K, used 14605K [0x0000000084800000, 0x0000000100000000)
  region size 1024K, 7 young (7168K), 7 survivors (7168K)
 Metaspace       used 21083K, committed 21504K, reserved 1114112K
  class space    used 2622K, committed 2816K, reserved 1048576K
}
Event: 2.843 GC heap before
{Heap before GC invocations=4 (full 0):
 garbage-first heap   total 51200K, used 50445K [0x0000000084800000, 0x0000000100000000)
  region size 1024K, 42 young (43008K), 7 survivors (7168K)
 Metaspace       used 26265K, committed 26688K, reserved 1114112K
  class space    used 3325K, committed 3520K, reserved 1048576K
}
Event: 2.849 GC heap after
{Heap after GC invocations=5 (full 0):
 garbage-first heap   total 61440K, used 17018K [0x0000000084800000, 0x0000000100000000)
  region size 1024K, 7 young (7168K), 7 survivors (7168K)
 Metaspace       used 26265K, committed 26688K, reserved 1114112K
  class space    used 3325K, committed 3520K, reserved 1048576K
}
Event: 3.512 GC heap before
{Heap before GC invocations=5 (full 0):
 garbage-first heap   total 61440K, used 46714K [0x0000000084800000, 0x0000000100000000)
  region size 1024K, 36 young (36864K), 7 survivors (7168K)
 Metaspace       used 31650K, committed 32256K, reserved 1114112K
  class space    used 4062K, committed 4352K, reserved 1048576K
}
Event: 3.517 GC heap after
{Heap after GC invocations=6 (full 0):
 garbage-first heap   total 61440K, used 20345K [0x0000000084800000, 0x0000000100000000)
  region size 1024K, 4 young (4096K), 4 survivors (4096K)
 Metaspace       used 31650K, committed 32256K, reserved 1114112K
  class space    used 4062K, committed 4352K, reserved 1048576K
}
Event: 3.786 GC heap before
{Heap before GC invocations=6 (full 0):
 garbage-first heap   total 61440K, used 33657K [0x0000000084800000, 0x0000000100000000)
  region size 1024K, 18 young (18432K), 4 survivors (4096K)
 Metaspace       used 35395K, committed 35968K, reserved 1114112K
  class space    used 4621K, committed 4928K, reserved 1048576K
}
Event: 3.788 GC heap after
{Heap after GC invocations=7 (full 0):
 garbage-first heap   total 61440K, used 20897K [0x0000000084800000, 0x0000000100000000)
  region size 1024K, 1 young (1024K), 1 survivors (1024K)
 Metaspace       used 35395K, committed 35968K, reserved 1114112K
  class space    used 4621K, committed 4928K, reserved 1048576K
}
Event: 4.314 GC heap before
{Heap before GC invocations=8 (full 0):
 garbage-first heap   total 61440K, used 50593K [0x0000000084800000, 0x0000000100000000)
  region size 1024K, 30 young (30720K), 1 survivors (1024K)
 Metaspace       used 42872K, committed 43456K, reserved 1114112K
  class space    used 5853K, committed 6080K, reserved 1048576K
}
Event: 4.317 GC heap after
{Heap after GC invocations=9 (full 0):
 garbage-first heap   total 61440K, used 23550K [0x0000000084800000, 0x0000000100000000)
  region size 1024K, 4 young (4096K), 4 survivors (4096K)
 Metaspace       used 42872K, committed 43456K, reserved 1114112K
  class space    used 5853K, committed 6080K, reserved 1048576K
}
Event: 4.886 GC heap before
{Heap before GC invocations=9 (full 0):
 garbage-first heap   total 61440K, used 50174K [0x0000000084800000, 0x0000000100000000)
  region size 1024K, 31 young (31744K), 4 survivors (4096K)
 Metaspace       used 52967K, committed 53504K, reserved 1114112K
  class space    used 7061K, committed 7296K, reserved 1048576K
}
Event: 4.890 GC heap after
{Heap after GC invocations=10 (full 0):
 garbage-first heap   total 61440K, used 25779K [0x0000000084800000, 0x0000000100000000)
  region size 1024K, 3 young (3072K), 3 survivors (3072K)
 Metaspace       used 52967K, committed 53504K, reserved 1114112K
  class space    used 7061K, committed 7296K, reserved 1048576K
}
Event: 5.175 GC heap before
{Heap before GC invocations=10 (full 0):
 garbage-first heap   total 61440K, used 46259K [0x0000000084800000, 0x0000000100000000)
  region size 1024K, 24 young (24576K), 3 survivors (3072K)
 Metaspace       used 59592K, committed 60160K, reserved 1114112K
  class space    used 8045K, committed 8320K, reserved 1048576K
}
Event: 5.178 GC heap after
{Heap after GC invocations=11 (full 0):
 garbage-first heap   total 61440K, used 26949K [0x0000000084800000, 0x0000000100000000)
  region size 1024K, 2 young (2048K), 2 survivors (2048K)
 Metaspace       used 59592K, committed 60160K, reserved 1114112K
  class space    used 8045K, committed 8320K, reserved 1048576K
}
Event: 5.652 GC heap before
{Heap before GC invocations=12 (full 0):
 garbage-first heap   total 61440K, used 51525K [0x0000000084800000, 0x0000000100000000)
  region size 1024K, 27 young (27648K), 2 survivors (2048K)
 Metaspace       used 64947K, committed 65600K, reserved 1114112K
  class space    used 8841K, committed 9152K, reserved 1048576K
}
Event: 5.655 GC heap after
{Heap after GC invocations=13 (full 0):
 garbage-first heap   total 73728K, used 27952K [0x0000000084800000, 0x0000000100000000)
  region size 1024K, 3 young (3072K), 3 survivors (3072K)
 Metaspace       used 64947K, committed 65600K, reserved 1114112K
  class space    used 8841K, committed 9152K, reserved 1048576K
}
Event: 6.230 GC heap before
{Heap before GC invocations=13 (full 0):
 garbage-first heap   total 73728K, used 62768K [0x0000000084800000, 0x0000000100000000)
  region size 1024K, 38 young (38912K), 3 survivors (3072K)
 Metaspace       used 70250K, committed 70976K, reserved 1114112K
  class space    used 9529K, committed 9856K, reserved 1048576K
}
Event: 6.234 GC heap after
{Heap after GC invocations=14 (full 0):
 garbage-first heap   total 73728K, used 30720K [0x0000000084800000, 0x0000000100000000)
  region size 1024K, 5 young (5120K), 5 survivors (5120K)
 Metaspace       used 70250K, committed 70976K, reserved 1114112K
  class space    used 9529K, committed 9856K, reserved 1048576K
}

