# JRE version: OpenJDK Runtime Environment Temurin-21.0.9+10 (21.0.9+10) (build 21.0.9+10-LTS)
# Java VM: OpenJDK 64-Bit Server VM Temurin-21.0.9+10 (21.0.9+10-LTS, mixed mode, tiered, compressed oops, compressed class ptrs, g1 gc, windows-amd64)
GC Precious Log:
 CardTable entry size: 512
 Card Set container configuration: InlinePtr #cards 5 size 8 Array Of Cards #cards 12 size 40 Howl #buckets 4 coarsen threshold 1843 Howl Bitmap #cards 512 size 80 coarsen threshold 460 Card regions per heap region 1 cards per card region 2048
 CPUs: 16 total, 16 available
 Memory: 7896M
 Large Page Support: Disabled
 NUMA Support: Disabled
 Compressed Oops: Enabled (32-bit)
 Heap Region Size: 1M
 Heap Min Capacity: 8M
 Heap Initial Capacity: 124M
 Heap Max Capacity: 1976M
 Pre-touch: Disabled
 Parallel Workers: 13
 Concurrent Workers: 3
 Concurrent Refinement Workers: 13
 Periodic GC: Disabled
Heap:
 garbage-first heap   total 44032K, used 28454K [0x0000000084800000, 0x0000000100000000)
  region size 1024K, 9 young (9216K), 3 survivors (3072K)
 Metaspace       used 54840K, committed 55424K, reserved 1114112K
  class space    used 7010K, committed 7232K, reserved 1048576K
GC Heap History (20 events):
Event: 3.012 GC heap before
{Heap before GC invocations=0 (full 0):
 garbage-first heap   total 126976K, used 24576K [0x0000000084800000, 0x0000000100000000)
  region size 1024K, 23 young (23552K), 0 survivors (0K)
 Metaspace       used 13037K, committed 13312K, reserved 1114112K
  class space    used 1325K, committed 1472K, reserved 1048576K
}
Event: 3.015 GC heap after
{Heap after GC invocations=1 (full 0):
 garbage-first heap   total 126976K, used 7514K [0x0000000084800000, 0x0000000100000000)
  region size 1024K, 3 young (3072K), 3 survivors (3072K)
 Metaspace       used 13037K, committed 13312K, reserved 1114112K
  class space    used 1325K, committed 1472K, reserved 1048576K
}
Event: 3.386 GC heap before
{Heap before GC invocations=1 (full 0):
 garbage-first heap   total 126976K, used 32090K [0x0000000084800000, 0x0000000100000000)
  region size 1024K, 29 young (29696K), 3 survivors (3072K)
 Metaspace       used 21153K, committed 21504K, reserved 1114112K
  class space    used 2370K, committed 2560K, reserved 1048576K
}
Event: 3.391 GC heap after
{Heap after GC invocations=2 (full 0):
 garbage-first heap   total 126976K, used 9811K [0x0000000084800000, 0x0000000100000000)
  region size 1024K, 3 young (3072K), 3 survivors (3072K)
 Metaspace       used 21153K, committed 21504K, reserved 1114112K
  class space    used 2370K, committed 2560K, reserved 1048576K
}
Event: 3.668 GC heap before
{Heap before GC invocations=3 (full 0):
 garbage-first heap   total 37888K, used 35411K [0x0000000084800000, 0x0000000100000000)
  region size 1024K, 29 young (29696K), 3 survivors (3072K)
 Metaspace       used 28012K, committed 28416K, reserved 1114112K
  class space    used 3219K, committed 3392K, reserved 1048576K
}
Event: 3.671 GC heap after
{Heap after GC invocations=4 (full 0):
 garbage-first heap   total 44032K, used 12843K [0x0000000084800000, 0x0000000100000000)
  region size 1024K, 6 young (6144K), 6 survivors (6144K)
 Metaspace       used 28012K, committed 28416K, reserved 1114112K
  class space    used 3219K, committed 3392K, reserved 1048576K
}
Event: 4.504 GC heap before
{Heap before GC invocations=4 (full 0):
 garbage-first heap   total 44032K, used 31275K [0x0000000084800000, 0x0000000100000000)
  region size 1024K, 24 young (24576K), 6 survivors (6144K)
 Metaspace       used 30135K, committed 30528K, reserved 1114112K
  class space    used 3461K, committed 3648K, reserved 1048576K
}
Event: 4.510 GC heap after
{Heap after GC invocations=5 (full 0):
 garbage-first heap   total 44032K, used 14252K [0x0000000084800000, 0x0000000100000000)
  region size 1024K, 2 young (2048K), 2 survivors (2048K)
 Metaspace       used 30135K, committed 30528K, reserved 1114112K
  class space    used 3461K, committed 3648K, reserved 1048576K
}
Event: 5.145 GC heap before
{Heap before GC invocations=5 (full 0):
 garbage-first heap   total 44032K, used 32684K [0x0000000084800000, 0x0000000100000000)
  region size 1024K, 20 young (20480K), 2 survivors (2048K)
 Metaspace       used 32303K, committed 32768K, reserved 1114112K
  class space    used 3743K, committed 3968K, reserved 1048576K
}
Event: 5.147 GC heap after
{Heap after GC invocations=6 (full 0):
 garbage-first heap   total 44032K, used 15541K [0x0000000084800000, 0x0000000100000000)
  region size 1024K, 3 young (3072K), 3 survivors (3072K)
 Metaspace       used 32303K, committed 32768K, reserved 1114112K
  class space    used 3743K, committed 3968K, reserved 1048576K
}
Event: 5.578 GC heap before
{Heap before GC invocations=6 (full 0):
 garbage-first heap   total 44032K, used 32949K [0x0000000084800000, 0x0000000100000000)
  region size 1024K, 22 young (22528K), 3 survivors (3072K)
 Metaspace       used 35559K, committed 35968K, reserved 1114112K
  class space    used 4182K, committed 4352K, reserved 1048576K
}
Event: 5.581 GC heap after
{Heap after GC invocations=7 (full 0):
 garbage-first heap   total 44032K, used 17125K [0x0000000084800000, 0x0000000100000000)
  region size 1024K, 3 young (3072K), 3 survivors (3072K)
 Metaspace       used 35559K, committed 35968K, reserved 1114112K
  class space    used 4182K, committed 4352K, reserved 1048576K
}
Event: 5.967 GC heap before
{Heap before GC invocations=8 (full 0):
 garbage-first heap   total 44032K, used 35557K [0x0000000084800000, 0x0000000100000000)
  region size 1024K, 22 young (22528K), 3 survivors (3072K)
 Metaspace       used 39484K, committed 40000K, reserved 1114112K
  class space    used 4726K, committed 4992K, reserved 1048576K
}
Event: 5.970 GC heap after
{Heap after GC invocations=9 (full 0):
 garbage-first heap   total 44032K, used 19272K [0x0000000084800000, 0x0000000100000000)
  region size 1024K, 3 young (3072K), 3 survivors (3072K)
 Metaspace       used 39484K, committed 40000K, reserved 1114112K
  class space    used 4726K, committed 4992K, reserved 1048576K
}
Event: 6.427 GC heap before
{Heap before GC invocations=9 (full 0):
 garbage-first heap   total 44032K, used 36680K [0x0000000084800000, 0x0000000100000000)
  region size 1024K, 20 young (20480K), 3 survivors (3072K)
 Metaspace       used 42976K, committed 43520K, reserved 1114112K
  class space    used 5209K, committed 5440K, reserved 1048576K
}
Event: 6.429 GC heap after
{Heap after GC invocations=10 (full 0):
 garbage-first heap   total 44032K, used 20553K [0x0000000084800000, 0x0000000100000000)
  region size 1024K, 2 young (2048K), 2 survivors (2048K)
 Metaspace       used 42976K, committed 43520K, reserved 1114112K
  class space    used 5209K, committed 5440K, reserved 1048576K
}
Event: 6.737 GC heap before
{Heap before GC invocations=10 (full 0):
 garbage-first heap   total 44032K, used 36937K [0x0000000084800000, 0x0000000100000000)
  region size 1024K, 19 young (19456K), 2 survivors (2048K)
 Metaspace       used 47037K, committed 47616K, reserved 1114112K
  class space    used 5979K, committed 6208K, reserved 1048576K
}
Event: 6.739 GC heap after
{Heap after GC invocations=11 (full 0):
 garbage-first heap   total 44032K, used 21885K [0x0000000084800000, 0x0000000100000000)
  region size 1024K, 3 young (3072K), 3 survivors (3072K)
 Metaspace       used 47037K, committed 47616K, reserved 1114112K
  class space    used 5979K, committed 6208K, reserved 1048576K
}
Event: 6.979 GC heap before
{Heap before GC invocations=11 (full 0):
 garbage-first heap   total 44032K, used 37245K [0x0000000084800000, 0x0000000100000000)
  region size 1024K, 19 young (19456K), 3 survivors (3072K)
 Metaspace       used 51482K, committed 52096K, reserved 1114112K
  class space    used 6627K, committed 6912K, reserved 1048576K
}
Event: 6.981 GC heap after
{Heap after GC invocations=12 (full 0):
 garbage-first heap   total 44032K, used 23334K [0x0000000084800000, 0x0000000100000000)
  region size 1024K, 3 young (3072K), 3 survivors (3072K)
 Metaspace       used 51482K, committed 52096K, reserved 1114112K
  class space    used 6627K, committed 6912K, reserved 1048576K
}

